<?xml version="1.0" encoding="UTF-8"?>
<testng-results ignored="0" total="2" passed="2" failed="0" skipped="0">
  <reporter-output>
    <line>
      <![CDATA[setting browser as Chrome]]>
    </line>
    <line>
      <![CDATA[actual result is 48]]>
    </line>
    <line>
      <![CDATA[closing browser ]]>
    </line>
    <line>
      <![CDATA[setting browser as Chrome]]>
    </line>
    <line>
      <![CDATA[gettting pincode error msg , msg is [[ChromeDriver: chrome on windows (40514c00a7d1b54081f8cb31f0c8f596)] -> xpath: //div[contains(text(),'pincode ')]]]]>
    </line>
    <line>
      <![CDATA[getting mobile number error msg , msg is Please enter a valid mobile no.]]>
    </line>
    <line>
      <![CDATA[Pinocode error message is: Please enter a valid pincode]]>
    </line>
    <line>
      <![CDATA[Mobile number error message isPlease enter a valid mobile no.]]>
    </line>
    <line>
      <![CDATA[changes by narendra]]>
    </line>
    <line>
      <![CDATA[closing browser ]]>
    </line>
  </reporter-output>
  <suite started-at="2025-11-13T17:59:43 IST" name="Suite" finished-at="2025-11-13T18:00:56 IST" duration-ms="72629">
    <groups>
      <group name="cucumber">
        <method signature="AbstractTestNGCucumberTests.runScenario(io.cucumber.testng.PickleWrapper,io.cucumber.testng.FeatureWrapper)[pri:0, instance:runner.HealthInsuranceRunner@2a65fe7c]" name="runScenario" class="io.cucumber.testng.AbstractTestNGCucumberTests"/>
      </group> <!-- cucumber -->
    </groups>
    <test started-at="2025-11-13T17:59:43 IST" name="Test" finished-at="2025-11-13T18:00:56 IST" duration-ms="72629">
      <class name="runner.HealthInsuranceRunner">
        <test-method is-config="true" signature="setUpClass(org.testng.ITestContext)[pri:0, instance:runner.HealthInsuranceRunner@2a65fe7c]" started-at="2025-11-13T17:59:43 IST" name="setUpClass" finished-at="2025-11-13T17:59:45 IST" duration-ms="1392" status="PASS">
          <params>
            <param index="0">
              <value>
                <![CDATA[org.testng.TestRunner@1f67761b]]>
              </value>
            </param>
          </params>
          <reporter-output>
          </reporter-output>
        </test-method> <!-- setUpClass -->
        <test-method signature="runScenario(io.cucumber.testng.PickleWrapper,io.cucumber.testng.FeatureWrapper)[pri:0, instance:runner.HealthInsuranceRunner@2a65fe7c]" started-at="2025-11-13T17:59:45 IST" name="runScenario" description="Runs Cucumber Scenarios" data-provider="scenarios" finished-at="2025-11-13T18:00:23 IST" duration-ms="37758" status="PASS">
          <params>
            <param index="0">
              <value>
                <![CDATA["TC01: Validate Coverfox Health Insurance Plan for single person"]]>
              </value>
            </param>
            <param index="1">
              <value>
                <![CDATA["Coverfox Health Insurance Test"]]>
              </value>
            </param>
          </params>
          <reporter-output>
            <line>
              <![CDATA[setting browser as Chrome]]>
            </line>
            <line>
              <![CDATA[actual result is 48]]>
            </line>
            <line>
              <![CDATA[closing browser ]]>
            </line>
          </reporter-output>
        </test-method> <!-- runScenario -->
        <test-method signature="runScenario(io.cucumber.testng.PickleWrapper,io.cucumber.testng.FeatureWrapper)[pri:0, instance:runner.HealthInsuranceRunner@2a65fe7c]" started-at="2025-11-13T18:00:23 IST" name="runScenario" description="Runs Cucumber Scenarios" data-provider="scenarios" finished-at="2025-11-13T18:00:53 IST" duration-ms="30288" status="PASS">
          <params>
            <param index="0">
              <value>
                <![CDATA["TC02: Validate CoverFox address details page error messages"]]>
              </value>
            </param>
            <param index="1">
              <value>
                <![CDATA["Coverfox Health Insurance Test"]]>
              </value>
            </param>
          </params>
          <reporter-output>
            <line>
              <![CDATA[setting browser as Chrome]]>
            </line>
            <line>
              <![CDATA[gettting pincode error msg , msg is [[ChromeDriver: chrome on windows (40514c00a7d1b54081f8cb31f0c8f596)] -> xpath: //div[contains(text(),'pincode ')]]]]>
            </line>
            <line>
              <![CDATA[getting mobile number error msg , msg is Please enter a valid mobile no.]]>
            </line>
            <line>
              <![CDATA[Pinocode error message is: Please enter a valid pincode]]>
            </line>
            <line>
              <![CDATA[Mobile number error message isPlease enter a valid mobile no.]]>
            </line>
            <line>
              <![CDATA[changes by narendra]]>
            </line>
            <line>
              <![CDATA[closing browser ]]>
            </line>
          </reporter-output>
        </test-method> <!-- runScenario -->
        <test-method is-config="true" signature="tearDownClass()[pri:0, instance:runner.HealthInsuranceRunner@2a65fe7c]" started-at="2025-11-13T18:00:53 IST" name="tearDownClass" finished-at="2025-11-13T18:00:56 IST" duration-ms="3078" status="PASS">
          <reporter-output>
          </reporter-output>
        </test-method> <!-- tearDownClass -->
      </class> <!-- runner.HealthInsuranceRunner -->
    </test> <!-- Test -->
  </suite> <!-- Suite -->
</testng-results>
