<?xml version="1.0" encoding="UTF-8"?>
<!-- Generated by org.testng.reporters.JUnitReportReporter -->
<testsuite hostname="LAPTOP-VQBDT1O6" failures="0" tests="2" name="runner.HealthInsuranceRunner" time="48.736" errors="0" timestamp="2025-11-14T17:53:09 IST" skipped="0">
  <testcase classname="runner.HealthInsuranceRunner" name="runScenario" time="21.753">
    <system-out>
      <![CDATA[setting browser as Chrome
gettting pincode error msg , msg is [[ChromeDriver: chrome on windows (87a8ba284d706eba2e480cece1a1452b)] -> xpath: //div[contains(text(),'pincode ')]]
getting mobile number error msg , msg is Please enter a valid mobile no.
Pinocode error message is: Please enter a valid pincode
Mobile number error message isPlease enter a valid mobile no.
Changes by priyanka
closing browser ]]>
    </system-out>
  </testcase> <!-- runScenario -->
  <testcase classname="runner.HealthInsuranceRunner" name="runScenario" time="26.983">
    <system-out>
      <![CDATA[setting browser as Chrome
actual result is 48
closing browser ]]>
    </system-out>
  </testcase> <!-- runScenario -->
  <system-out>
    <![CDATA[setting browser as Chrome
actual result is 48
closing browser 
setting browser as Chrome
gettting pincode error msg , msg is [[ChromeDriver: chrome on windows (87a8ba284d706eba2e480cece1a1452b)] -> xpath: //div[contains(text(),'pincode ')]]
getting mobile number error msg , msg is Please enter a valid mobile no.
Pinocode error message is: Please enter a valid pincode
Mobile number error message isPlease enter a valid mobile no.
Changes by priyanka
closing browser ]]>
  </system-out>
</testsuite> <!-- runner.HealthInsuranceRunner -->
