<?xml version="1.0" encoding="UTF-8"?>
<!-- Generated by org.testng.reporters.JUnitReportReporter -->
<testsuite hostname="DESKTOP-9SVN4AR" failures="0" tests="2" name="runner.HealthInsuranceRunner" time="68.046" errors="0" timestamp="2025-11-13T18:00:57 IST" skipped="0">
  <testcase classname="runner.HealthInsuranceRunner" name="runScenario" time="30.288">
    <system-out>
      <![CDATA[setting browser as Chrome
gettting pincode error msg , msg is [[ChromeDriver: chrome on windows (40514c00a7d1b54081f8cb31f0c8f596)] -> xpath: //div[contains(text(),'pincode ')]]
getting mobile number error msg , msg is Please enter a valid mobile no.
Pinocode error message is: Please enter a valid pincode
Mobile number error message isPlease enter a valid mobile no.
changes by narendra
closing browser ]]>
    </system-out>
  </testcase> <!-- runScenario -->
  <testcase classname="runner.HealthInsuranceRunner" name="runScenario" time="37.758">
    <system-out>
      <![CDATA[setting browser as Chrome
actual result is 48
closing browser ]]>
    </system-out>
  </testcase> <!-- runScenario -->
  <system-out>
    <![CDATA[setting browser as Chrome
actual result is 48
closing browser 
setting browser as Chrome
gettting pincode error msg , msg is [[ChromeDriver: chrome on windows (40514c00a7d1b54081f8cb31f0c8f596)] -> xpath: //div[contains(text(),'pincode ')]]
getting mobile number error msg , msg is Please enter a valid mobile no.
Pinocode error message is: Please enter a valid pincode
Mobile number error message isPlease enter a valid mobile no.
changes by narendra
closing browser ]]>
  </system-out>
</testsuite> <!-- runner.HealthInsuranceRunner -->
